[INFO]-[2023-12-19 19:10:07,581]---------------------------------------------------------------------------------------------------------
                          _         _      _____         _
          __ _ _ __ (_)  / \  _   _| |_ __|_   _|__  ___| |_
         / _` | '_ \| | / _ \| | | | __/ _ \| |/ _ \/ __| __|
        | (_| | |_) | |/ ___ \ |_| | || (_) | |  __/\__ \ |_
         \__,_| .__/|_/_/   \_\__,_|\__\___/|_|\___||___/\__|
              |_|
    -----------------------------------------------------------------开始执行接口自动化测试项目
[INFO]-[2023-12-19 19:10:07,776]--------------成功连接到Mysql数据库：host:api.lemonban.com，database:future-----------------
[INFO]-[2023-12-19 19:10:07,782]-测试环境初始化....
[INFO]-[2023-12-19 19:10:07,800]----------------------------------------------接口请求开始---------------------------------------------
[INFO]-[2023-12-19 19:10:07,800]-接口名称：用户登录
[INFO]-[2023-12-19 19:10:07,800]-请求方式:post
[INFO]-[2023-12-19 19:10:07,801]-请求路径:http://127.0.0.1:8080/dar/user/login
[INFO]-[2023-12-19 19:10:07,801]-请求头：{'Content-Type': 'application/x-www-form-urlencoded;charset=UTF-8'}
[INFO]-[2023-12-19 19:10:07,803]-请求参数：{'user_name': 'test', 'passwd': '123456'}
[INFO]-[2023-12-19 19:10:07,803]-文件上传：None
[INFO]-[2023-12-19 19:10:07,810]-响应头：content_type:application/json
[INFO]-[2023-12-19 19:10:07,812]-提取到接口关联的参数：{'token': '9334020099272690284'}
[INFO]-[2023-12-19 19:10:07,813]-预期结果：None
[INFO]-[2023-12-19 19:10:07,814]-实际结果：{'error_code': 0, 'msg': '登录成功！', 'msg_code': 200, 'token': '9334020099272690284'}
[INFO]-[2023-12-19 19:10:07,814]-接口请求成功！
[INFO]-[2023-12-19 19:10:07,814]---------------------------------------------接口请求结束--------------------------------------------

[INFO]-[2023-12-19 19:10:07,870]----------------------------------------------接口请求开始---------------------------------------------
[INFO]-[2023-12-19 19:10:07,870]-接口名称：新增用户
[INFO]-[2023-12-19 19:10:07,871]-请求方式:post
[INFO]-[2023-12-19 19:10:07,871]-请求路径:http://127.0.0.1:8080/dar/user/addUser
[INFO]-[2023-12-19 19:10:07,871]-请求头：{'Content-Type': 'application/x-www-form-urlencoded;charset=UTF-8'}
[INFO]-[2023-12-19 19:10:07,873]-请求参数：{'username': 'adduser', 'password': 123456, 'role_id': 123456789, 'dates': '2023-12-31', 'phone': 13800000000, 'token': '9334020099272690284'}
[INFO]-[2023-12-19 19:10:07,873]-文件上传：None
[INFO]-[2023-12-19 19:10:07,878]-响应头：content_type:application/json
[INFO]-[2023-12-19 19:10:07,879]-预期结果：[{'equals': {'error_code': 0, 'msg': '新增成功！', 'msg_code': 200}}]
[INFO]-[2023-12-19 19:10:07,879]-实际结果：{'error_code': 0, 'msg': '新增成功！', 'msg_code': 200}
[INFO]-[2023-12-19 19:10:07,881]-接口请求成功！
[INFO]-[2023-12-19 19:10:07,881]---------------------------------------------接口请求结束--------------------------------------------

[INFO]-[2023-12-19 19:10:07,920]----------------------------------------------接口请求开始---------------------------------------------
[INFO]-[2023-12-19 19:10:07,920]-接口名称：修改用户
[INFO]-[2023-12-19 19:10:07,920]-请求方式:post
[INFO]-[2023-12-19 19:10:07,920]-请求路径:http://127.0.0.1:8080/dar/user/updateUser
[INFO]-[2023-12-19 19:10:07,920]-请求头：{'Content-Type': 'application/x-www-form-urlencoded;charset=UTF-8'}
[INFO]-[2023-12-19 19:10:07,921]-请求参数：{'username': 'adduser', 'password': 12345678, 'role_id': 89588181111112343, 'dates': '2023-12-31', 'phone': 13800000000}
[INFO]-[2023-12-19 19:10:07,921]-文件上传：None
[INFO]-[2023-12-19 19:10:07,924]-响应头：content_type:application/json
[INFO]-[2023-12-19 19:10:07,926]-预期结果：[{'equals': {'error_code': 0, 'msg': '更新成功！', 'msg_code': 200}}]
[INFO]-[2023-12-19 19:10:07,926]-实际结果：{'error_code': 0, 'msg': '更新成功！', 'msg_code': 200}
[INFO]-[2023-12-19 19:10:07,926]-接口请求成功！
[INFO]-[2023-12-19 19:10:07,926]---------------------------------------------接口请求结束--------------------------------------------

[INFO]-[2023-12-19 19:10:07,957]----------------------------------------------接口请求开始---------------------------------------------
[INFO]-[2023-12-19 19:10:07,958]-接口名称：删除用户
[INFO]-[2023-12-19 19:10:07,958]-请求方式:post
[INFO]-[2023-12-19 19:10:07,958]-请求路径:http://127.0.0.1:8080/dar/user/deleteUser
[INFO]-[2023-12-19 19:10:07,958]-请求头：{'Content-Type': 'application/x-www-form-urlencoded;charset=UTF-8'}
[INFO]-[2023-12-19 19:10:07,959]-请求参数：{'user_id': 123839387391912}
[INFO]-[2023-12-19 19:10:07,959]-文件上传：None
[INFO]-[2023-12-19 19:10:07,962]-响应头：content_type:application/json
[INFO]-[2023-12-19 19:10:07,963]-预期结果：[{'equals': {'error_code': 0, 'msg': '删除成功！', 'msg_code': 200}}]
[INFO]-[2023-12-19 19:10:07,964]-实际结果：{'error_code': 0, 'msg': '删除成功！', 'msg_code': 200}
[INFO]-[2023-12-19 19:10:07,964]-接口请求成功！
[INFO]-[2023-12-19 19:10:07,964]---------------------------------------------接口请求结束--------------------------------------------

[INFO]-[2023-12-19 19:10:07,996]----------------------------------------------接口请求开始---------------------------------------------
[INFO]-[2023-12-19 19:10:07,996]-接口名称：用户查询
[INFO]-[2023-12-19 19:10:07,996]-请求方式:post
[INFO]-[2023-12-19 19:10:07,996]-请求路径:http://127.0.0.1:8080/dar/user/queryUser
[INFO]-[2023-12-19 19:10:07,997]-请求头：{'Content-Type': 'application/x-www-form-urlencoded;charset=UTF-8'}
[INFO]-[2023-12-19 19:10:07,997]-请求参数：{'user_id': 123839387391912}
[INFO]-[2023-12-19 19:10:07,998]-文件上传：None
[INFO]-[2023-12-19 19:10:08,000]-响应头：content_type:application/json
[INFO]-[2023-12-19 19:10:08,002]-预期结果：[{'equals': {'error_code': 0, 'msg': '查询成功！', 'msg_code': 200}}]
[INFO]-[2023-12-19 19:10:08,002]-实际结果：{'error_code': 0, 'msg': '查询成功！', 'msg_code': 200}
[INFO]-[2023-12-19 19:10:08,002]-接口请求成功！
[INFO]-[2023-12-19 19:10:08,003]---------------------------------------------接口请求结束--------------------------------------------

[INFO]-[2023-12-19 19:10:08,015]-正在清理测试数据....
[INFO]-[2023-12-19 19:10:08,098]--------------------------------------------单条数据查询成功！-------------------------------------------
[INFO]-[2023-12-19 19:10:08,099]-接口自动化测试垃圾数据处理结果为：{'id': 108100, 'reg_name': '裴育', 'pwd': '25D55AD283AA400AF464C76D713C07AD', 'mobile_phone': '18326074762', 'type': 1, 'leave_amount': Decimal('12500005.00'), 'reg_time': datetime.datetime(2023, 5, 8, 17, 42, 27)}
[INFO]-[2023-12-19 19:10:08,104]------------------------------------------------接口自动化测试结束------------------------------------------------
[INFO]-[2023-12-19 19:10:16,514]-接口自动化测试完成！
