[INFO]-[2023-12-13 11:23:06,780]---------------------------------------------------------------------------------------------------------
                          _         _      _____         _
          __ _ _ __ (_)  / \  _   _| |_ __|_   _|__  ___| |_
         / _` | '_ \| | / _ \| | | | __/ _ \| |/ _ \/ __| __|
        | (_| | |_) | |/ ___ \ |_| | || (_) | |  __/\__ \ |_
         \__,_| .__/|_/_/   \_\__,_|\__\___/|_|\___||___/\__|
              |_|
    -----------------------------------------------------------------开始执行接口自动化测试项目
[INFO]-[2023-12-13 11:23:06,997]--------------成功连接到Mysql数据库：host:api.lemonban.com，database:future-----------------
[INFO]-[2023-12-13 11:23:07,010]----------------------------------------------接口请求开始---------------------------------------------
[INFO]-[2023-12-13 11:23:07,011]-接口名称：外卖注册
[INFO]-[2023-12-13 11:23:07,011]-请求方式:post
[INFO]-[2023-12-13 11:23:07,011]-请求路径:https://api.tttt.one/rest-v2/login/sign_up
[INFO]-[2023-12-13 11:23:07,012]-请求头：{}
[INFO]-[2023-12-13 11:23:07,012]-请求参数：{'password': '12345678', 'email': '93730592@qq.com'}
[INFO]-[2023-12-13 11:23:07,012]-文件上传：None
[INFO]-[2023-12-13 11:23:09,613]-响应头：content_type:application/json
[INFO]-[2023-12-13 11:23:09,613]-预期结果：[{'contains': 'create_datetime'}]
[INFO]-[2023-12-13 11:23:09,613]-实际结果：{'id': 277, 'email': '93730592@qq.com', 'create_datetime': '2023-12-13T03:23:08.599208+00:00', 'update_datetime': '2023-12-13T03:23:08.802021+00:00'}
[INFO]-[2023-12-13 11:23:09,613]-接口请求成功！
[INFO]-[2023-12-13 11:23:09,614]---------------------------------------------接口请求结束--------------------------------------------

[INFO]-[2023-12-13 11:23:09,637]----------------------------------------------接口请求开始---------------------------------------------
[INFO]-[2023-12-13 11:23:09,637]-接口名称：外卖登录
[INFO]-[2023-12-13 11:23:09,638]-请求方式:post
[INFO]-[2023-12-13 11:23:09,638]-请求路径:https://api.tttt.one/rest-v2/login/access_token
[INFO]-[2023-12-13 11:23:09,638]-请求头：{}
[INFO]-[2023-12-13 11:23:09,638]-请求参数：{'password': '12345678', 'email': '1144961647@qq.com'}
[INFO]-[2023-12-13 11:23:09,638]-文件上传：None
[INFO]-[2023-12-13 11:23:10,184]-响应头：content_type:application/json
[INFO]-[2023-12-13 11:23:10,185]-提取到接口关联的参数：{'token': 'eyJhbGciOiJIUzI1NiIsInR5cCI6IkpXVCJ9.eyJleHAiOjE3MDMxMjg5ODksInN1YiI6IjQ3In0.3haooAaP0v-n1u8DasLFxXn5TdXQSfUDLtYaDeYgBPo'}
[INFO]-[2023-12-13 11:23:10,185]-预期结果：[{'contains': 'access_token'}]
[INFO]-[2023-12-13 11:23:10,185]-实际结果：{'access_token': 'eyJhbGciOiJIUzI1NiIsInR5cCI6IkpXVCJ9.eyJleHAiOjE3MDMxMjg5ODksInN1YiI6IjQ3In0.3haooAaP0v-n1u8DasLFxXn5TdXQSfUDLtYaDeYgBPo', 'token_type': 'bearer'}
[INFO]-[2023-12-13 11:23:10,186]-接口请求成功！
[INFO]-[2023-12-13 11:23:10,186]---------------------------------------------接口请求结束--------------------------------------------

[INFO]-[2023-12-13 11:23:10,219]----------------------------------------------接口请求开始---------------------------------------------
[INFO]-[2023-12-13 11:23:10,219]-接口名称：外卖任务创建
[INFO]-[2023-12-13 11:23:10,220]-请求方式:post
[INFO]-[2023-12-13 11:23:10,220]-请求路径:https://api.tttt.one/rest-v2/todo
[INFO]-[2023-12-13 11:23:10,220]-请求头：{'Content-Type': 'application/json', 'Authorization': 'Bearer eyJhbGciOiJIUzI1NiIsInR5cCI6IkpXVCJ9.eyJleHAiOjE3MDMxMjg5ODksInN1YiI6IjQ3In0.3haooAaP0v-n1u8DasLFxXn5TdXQSfUDLtYaDeYgBPo'}
[INFO]-[2023-12-13 11:23:10,220]-请求参数：{'title': 'null', 'is_done': False}
[INFO]-[2023-12-13 11:23:10,220]-文件上传：None
[INFO]-[2023-12-13 11:23:10,885]-响应头：content_type:application/json
[INFO]-[2023-12-13 11:23:10,886]-提取到接口关联的参数：{'todo_id': 488}
[INFO]-[2023-12-13 11:23:10,886]-预期结果：[{'contains': 'id'}]
[INFO]-[2023-12-13 11:23:10,886]-实际结果：{'id': 488, 'title': 'null', 'is_done': False, 'create_datetime': '2023-12-13T03:23:09.744404+00:00', 'done_datetime': '2023-12-13T03:23:09.744417+00:00'}
[INFO]-[2023-12-13 11:23:10,886]-接口请求成功！
[INFO]-[2023-12-13 11:23:10,886]---------------------------------------------接口请求结束--------------------------------------------

[INFO]-[2023-12-13 11:23:10,920]----------------------------------------------接口请求开始---------------------------------------------
[INFO]-[2023-12-13 11:23:10,920]-接口名称：外卖任务查询
[INFO]-[2023-12-13 11:23:10,920]-请求方式:get
[INFO]-[2023-12-13 11:23:10,921]-请求路径:https://api.tttt.one/rest-v2/todo
[INFO]-[2023-12-13 11:23:10,921]-请求头：{'Content-Type': 'application/json', 'Authorization': 'Bearer eyJhbGciOiJIUzI1NiIsInR5cCI6IkpXVCJ9.eyJleHAiOjE3MDMxMjg5ODksInN1YiI6IjQ3In0.3haooAaP0v-n1u8DasLFxXn5TdXQSfUDLtYaDeYgBPo'}
[INFO]-[2023-12-13 11:23:10,921]-文件上传：None
[INFO]-[2023-12-13 11:23:11,194]-响应头：content_type:application/json
[INFO]-[2023-12-13 11:23:11,194]-预期结果：[{'contains': 'items'}]
[INFO]-[2023-12-13 11:23:11,194]-实际结果：{'items': [{'id': 488, 'title': 'null', 'is_done': False, 'create_datetime': '2023-12-13T03:23:09.744404+00:00', 'done_datetime': '2023-12-13T03:23:09.744417+00:00'}, {'id': 487, 'title': 'null', 'is_done': False, 'create_datetime': '2023-12-13T03:22:17.790750+00:00', 'done_datetime': '2023-12-13T03:22:17.790769+00:00'}, {'id': 486, 'title': 'null', 'is_done': False, 'create_datetime': '2023-12-13T03:13:12.893456+00:00', 'done_datetime': '2023-12-13T03:13:12.893472+00:00'}, {'id': 485, 'title': 'null', 'is_done': False, 'create_datetime': '2023-12-13T03:11:33.266162+00:00', 'done_datetime': '2023-12-13T03:11:33.266176+00:00'}, {'id': 484, 'title': 'null', 'is_done': False, 'create_datetime': '2023-12-13T03:10:47.925666+00:00', 'done_datetime': '2023-12-13T03:10:47.925681+00:00'}, {'id': 459, 'title': '新的任务_1702093274.3979702', 'is_done': True, 'create_datetime': '2023-12-09T03:41:23.453174+00:00', 'done_datetime': '2023-12-09T03:41:23.453187+00:00'}, {'id': 458, 'title': '新的任务_1702093208.7730734', 'is_done': True, 'create_datetime': '2023-12-09T03:40:17.826338+00:00', 'done_datetime': '2023-12-09T03:40:17.826351+00:00'}, {'id': 454, 'title': '新的任务_1702027613.043854', 'is_done': True, 'create_datetime': '2023-12-08T09:27:01.630290+00:00', 'done_datetime': '2023-12-08T09:27:01.630307+00:00'}, {'id': 453, 'title': '新的任务_1702027417.8226874', 'is_done': True, 'create_datetime': '2023-12-08T09:23:46.406234+00:00', 'done_datetime': '2023-12-08T09:23:46.406247+00:00'}, {'id': 452, 'title': '新的任务_1702026961.612766', 'is_done': True, 'create_datetime': '2023-12-08T09:16:10.193412+00:00', 'done_datetime': '2023-12-08T09:16:10.193427+00:00'}, {'id': 451, 'title': '新的任务_1702026354.4069643', 'is_done': True, 'create_datetime': '2023-12-08T09:06:02.987311+00:00', 'done_datetime': '2023-12-08T09:06:02.987339+00:00'}, {'id': 446, 'title': '新的任务_1702024836.5601215', 'is_done': True, 'create_datetime': '2023-12-08T08:40:45.109678+00:00', 'done_datetime': '2023-12-08T08:40:45.109691+00:00'}, {'id': 365, 'title': 'null', 'is_done': False, 'create_datetime': '2023-12-04T07:37:43.581616+00:00', 'done_datetime': '2023-12-04T07:37:43.581629+00:00'}, {'id': 22, 'title': '新的任务_1701226399.2710285', 'is_done': True, 'create_datetime': '2023-11-29T02:53:17.333938+00:00', 'done_datetime': '2023-11-29T02:53:17.333954+00:00'}, {'id': 21, 'title': '新的任务_1701226242.9716747', 'is_done': True, 'create_datetime': '2023-11-29T02:50:41.037691+00:00', 'done_datetime': '2023-11-29T02:50:41.037716+00:00'}, {'id': 20, 'title': 'null', 'is_done': False, 'create_datetime': '2023-11-29T02:48:06.897748+00:00', 'done_datetime': '2023-11-29T02:48:06.897760+00:00'}, {'id': 19, 'title': 'null', 'is_done': False, 'create_datetime': '2023-11-29T02:47:42.161323+00:00', 'done_datetime': '2023-11-29T02:47:42.161338+00:00'}], 'total': 17, 'page': 1, 'size': 50}
[INFO]-[2023-12-13 11:23:11,195]-接口请求成功！
[INFO]-[2023-12-13 11:23:11,195]---------------------------------------------接口请求结束--------------------------------------------

[INFO]-[2023-12-13 11:23:11,217]----------------------------------------------接口请求开始---------------------------------------------
[INFO]-[2023-12-13 11:23:11,217]-接口名称：外卖任务详情
[INFO]-[2023-12-13 11:23:11,217]-请求方式:get
[INFO]-[2023-12-13 11:23:11,217]-请求路径:https://api.tttt.one/rest-v2/todo
[INFO]-[2023-12-13 11:23:11,218]-请求头：{'Content-Type': 'application/json', 'Authorization': 'Bearer eyJhbGciOiJIUzI1NiIsInR5cCI6IkpXVCJ9.eyJleHAiOjE3MDMxMjg5ODksInN1YiI6IjQ3In0.3haooAaP0v-n1u8DasLFxXn5TdXQSfUDLtYaDeYgBPo'}
[INFO]-[2023-12-13 11:23:11,218]-请求参数：{'todo_id': '488'}
[INFO]-[2023-12-13 11:23:11,218]-文件上传：None
[INFO]-[2023-12-13 11:23:11,528]-响应头：content_type:application/json
[INFO]-[2023-12-13 11:23:11,528]-预期结果：[{'contains': 'id'}]
[INFO]-[2023-12-13 11:23:11,528]-实际结果：{'items': [{'id': 488, 'title': 'null', 'is_done': False, 'create_datetime': '2023-12-13T03:23:09.744404+00:00', 'done_datetime': '2023-12-13T03:23:09.744417+00:00'}, {'id': 487, 'title': 'null', 'is_done': False, 'create_datetime': '2023-12-13T03:22:17.790750+00:00', 'done_datetime': '2023-12-13T03:22:17.790769+00:00'}, {'id': 486, 'title': 'null', 'is_done': False, 'create_datetime': '2023-12-13T03:13:12.893456+00:00', 'done_datetime': '2023-12-13T03:13:12.893472+00:00'}, {'id': 485, 'title': 'null', 'is_done': False, 'create_datetime': '2023-12-13T03:11:33.266162+00:00', 'done_datetime': '2023-12-13T03:11:33.266176+00:00'}, {'id': 484, 'title': 'null', 'is_done': False, 'create_datetime': '2023-12-13T03:10:47.925666+00:00', 'done_datetime': '2023-12-13T03:10:47.925681+00:00'}, {'id': 459, 'title': '新的任务_1702093274.3979702', 'is_done': True, 'create_datetime': '2023-12-09T03:41:23.453174+00:00', 'done_datetime': '2023-12-09T03:41:23.453187+00:00'}, {'id': 458, 'title': '新的任务_1702093208.7730734', 'is_done': True, 'create_datetime': '2023-12-09T03:40:17.826338+00:00', 'done_datetime': '2023-12-09T03:40:17.826351+00:00'}, {'id': 454, 'title': '新的任务_1702027613.043854', 'is_done': True, 'create_datetime': '2023-12-08T09:27:01.630290+00:00', 'done_datetime': '2023-12-08T09:27:01.630307+00:00'}, {'id': 453, 'title': '新的任务_1702027417.8226874', 'is_done': True, 'create_datetime': '2023-12-08T09:23:46.406234+00:00', 'done_datetime': '2023-12-08T09:23:46.406247+00:00'}, {'id': 452, 'title': '新的任务_1702026961.612766', 'is_done': True, 'create_datetime': '2023-12-08T09:16:10.193412+00:00', 'done_datetime': '2023-12-08T09:16:10.193427+00:00'}, {'id': 451, 'title': '新的任务_1702026354.4069643', 'is_done': True, 'create_datetime': '2023-12-08T09:06:02.987311+00:00', 'done_datetime': '2023-12-08T09:06:02.987339+00:00'}, {'id': 446, 'title': '新的任务_1702024836.5601215', 'is_done': True, 'create_datetime': '2023-12-08T08:40:45.109678+00:00', 'done_datetime': '2023-12-08T08:40:45.109691+00:00'}, {'id': 365, 'title': 'null', 'is_done': False, 'create_datetime': '2023-12-04T07:37:43.581616+00:00', 'done_datetime': '2023-12-04T07:37:43.581629+00:00'}, {'id': 22, 'title': '新的任务_1701226399.2710285', 'is_done': True, 'create_datetime': '2023-11-29T02:53:17.333938+00:00', 'done_datetime': '2023-11-29T02:53:17.333954+00:00'}, {'id': 21, 'title': '新的任务_1701226242.9716747', 'is_done': True, 'create_datetime': '2023-11-29T02:50:41.037691+00:00', 'done_datetime': '2023-11-29T02:50:41.037716+00:00'}, {'id': 20, 'title': 'null', 'is_done': False, 'create_datetime': '2023-11-29T02:48:06.897748+00:00', 'done_datetime': '2023-11-29T02:48:06.897760+00:00'}, {'id': 19, 'title': 'null', 'is_done': False, 'create_datetime': '2023-11-29T02:47:42.161323+00:00', 'done_datetime': '2023-11-29T02:47:42.161338+00:00'}], 'total': 17, 'page': 1, 'size': 50}
[INFO]-[2023-12-13 11:23:11,528]-接口请求成功！
[INFO]-[2023-12-13 11:23:11,528]---------------------------------------------接口请求结束--------------------------------------------

[INFO]-[2023-12-13 11:23:11,550]----------------------------------------------接口请求开始---------------------------------------------
[INFO]-[2023-12-13 11:23:11,550]-接口名称：外卖任务修改
[INFO]-[2023-12-13 11:23:11,550]-请求方式:put
[INFO]-[2023-12-13 11:23:11,550]-请求路径:https://api.tttt.one/rest-v2/todo/todo_id=488
[INFO]-[2023-12-13 11:23:11,550]-请求头：{'Content-Type': 'application/json', 'Authorization': 'Bearer eyJhbGciOiJIUzI1NiIsInR5cCI6IkpXVCJ9.eyJleHAiOjE3MDMxMjg5ODksInN1YiI6IjQ3In0.3haooAaP0v-n1u8DasLFxXn5TdXQSfUDLtYaDeYgBPo'}
[INFO]-[2023-12-13 11:23:11,550]-请求参数：{'title': 'null', 'is_done': False}
[INFO]-[2023-12-13 11:23:11,551]-文件上传：None
[INFO]-[2023-12-13 11:23:11,882]-响应头：content_type:application/json
[INFO]-[2023-12-13 11:23:11,883]-预期结果：[{'contains': 'id'}]
[INFO]-[2023-12-13 11:23:11,883]-实际结果：{'detail': [{'loc': ['path', 'todo_id'], 'msg': 'value is not a valid integer', 'type': 'type_error.integer'}]}
[INFO]-[2023-12-13 11:23:11,883]-接口请求成功！
[INFO]-[2023-12-13 11:23:11,883]---------------------------------------------接口请求结束--------------------------------------------

[INFO]-[2023-12-13 11:23:11,911]----------------------------------------------接口请求开始---------------------------------------------
[INFO]-[2023-12-13 11:23:11,912]-接口名称：外卖任务删除
[INFO]-[2023-12-13 11:23:11,912]-请求方式:delete
[INFO]-[2023-12-13 11:23:11,912]-请求路径:https://api.tttt.one/rest-v2/todo
[INFO]-[2023-12-13 11:23:11,912]-请求头：{'Content-Type': 'application/json', 'Authorization': 'Bearer eyJhbGciOiJIUzI1NiIsInR5cCI6IkpXVCJ9.eyJleHAiOjE3MDMxMjg5ODksInN1YiI6IjQ3In0.3haooAaP0v-n1u8DasLFxXn5TdXQSfUDLtYaDeYgBPo'}
[INFO]-[2023-12-13 11:23:11,912]-请求参数：{'todo_id': '488'}
[INFO]-[2023-12-13 11:23:11,912]-文件上传：None
[INFO]-[2023-12-13 11:23:12,249]-响应头：content_type:application/json
[INFO]-[2023-12-13 11:23:12,249]-预期结果：[{'contains': 'detail'}]
[INFO]-[2023-12-13 11:23:12,249]-实际结果：{'detail': [{'loc': ['query', 'all'], 'msg': 'field required', 'type': 'value_error.missing'}]}
[INFO]-[2023-12-13 11:23:12,250]-接口请求成功！
[INFO]-[2023-12-13 11:23:12,250]---------------------------------------------接口请求结束--------------------------------------------

[INFO]-[2023-12-13 11:23:12,350]--------------------------------------------单条数据查询成功！-------------------------------------------
[INFO]-[2023-12-13 11:23:12,350]-接口自动化测试垃圾数据处理结果为：{'id': 108100, 'reg_name': '裴育', 'pwd': '25D55AD283AA400AF464C76D713C07AD', 'mobile_phone': '18326074762', 'type': 1, 'leave_amount': Decimal('12500005.00'), 'reg_time': datetime.datetime(2023, 5, 8, 17, 42, 27)}
[INFO]-[2023-12-13 11:23:12,350]------------------------------------------------接口自动化测试结束------------------------------------------------
[INFO]-[2023-12-13 11:23:12,596]-接口自动化测试完成！
